\BOOKMARK [1][-]{section.1}{\376\377\145\271\154\325\150\106\147\266\116\016\137\000\156\220\133\236\163\260\133\371\136\224}{}% 1
\BOOKMARK [1][-]{section.2}{\376\377\145\160\143\156\221\307\226\306\116\016\230\204\131\004\164\006}{}% 2
\BOOKMARK [2][-]{subsection.2.1}{\376\377\221\307\226\306\211\304\203\003}{section.2}% 3
\BOOKMARK [2][-]{subsection.2.2}{\376\377\166\356\137\125\176\304\176\307\377\010\136\372\213\256\377\011}{section.2}% 4
\BOOKMARK [2][-]{subsection.2.3}{\376\377\000C\000O\000L\000M\000A\000P\116\016\145\160\143\156\217\154\143\142}{section.2}% 5
\BOOKMARK [1][-]{section.3}{\376\377\000N\000e\000R\000F\000/\160\271\171\136\176\317\127\072\213\255\176\303\377\010\144\315\117\134\142\113\121\214\377\011}{}% 6
\BOOKMARK [2][-]{subsection.3.1}{\376\377\000A\000.\000\040\000I\000n\000s\000t\000a\000n\000t\000-\000N\000G\000P\116\073\136\162\213\255\176\303}{section.3}% 7
\BOOKMARK [2][-]{subsection.3.2}{\376\377\000B\000.\000\040\000P\000o\000i\000n\000t\000-\000N\000e\000R\000F\130\236\137\072\213\255\176\303\377\010\123\357\220\011\377\011}{section.3}% 8
\BOOKMARK [2][-]{subsection.3.3}{\376\377\000C\000.\000\040\213\255\176\303\215\050\150\300\156\005\123\125\377\010\137\305\230\173\142\147\210\114\377\011}{section.3}% 9
\BOOKMARK [1][-]{section.4}{\376\377\177\121\150\074\116\016\160\271\116\221\124\016\131\004\164\006\377\010\144\315\117\134\142\113\121\214\377\011}{}% 10
\BOOKMARK [2][-]{subsection.4.1}{\376\377\000A\000.\000\040\177\121\150\074\133\374\121\372}{section.4}% 11
\BOOKMARK [2][-]{subsection.4.2}{\376\377\000B\000.\000\040\160\271\116\221\221\307\150\067\116\016\150\007\121\306\123\026}{section.4}% 12
\BOOKMARK [2][-]{subsection.4.3}{\376\377\000C\000.\000\040\123\273\126\152\116\016\122\006\122\162\377\010\143\250\203\120\123\302\145\160\203\003\126\364\377\011}{section.4}% 13
\BOOKMARK [2][-]{subsection.4.4}{\376\377\000D\000.\000\040\131\377\140\001\150\041\153\143\116\016\000A\000A\000B\000B\143\320\123\326}{section.4}% 14
\BOOKMARK [2][-]{subsection.4.5}{\376\377\000E\000.\000\040\124\016\131\004\164\006\215\050\150\300\156\005\123\125\377\010\137\305\230\173\142\147\210\114\377\011}{section.4}% 15
\BOOKMARK [1][-]{section.5}{\376\377\210\150\127\213\162\171\137\201\143\320\123\326}{}% 16
\BOOKMARK [1][-]{section.6}{\376\377\133\236\232\214\221\115\177\156\116\016\213\304\117\060\143\007\150\007}{}% 17
\BOOKMARK [1][-]{section.7}{\376\377\176\323\147\234\116\016\213\250\213\272}{}% 18
\BOOKMARK [1][-]{section.8}{\376\377\134\100\226\120\140\047\116\016\124\016\176\355\135\345\117\134}{}% 19
\BOOKMARK [1][-]{section.9}{\376\377\140\073\176\323}{}% 20
